
> vibe-generated-app@1.0.0 dev
> vite


  VITE v5.4.20  ready in 197 ms

  ➜  Local:   http://localhost:3000/
  ➜  Network: http://172.20.0.223:3000/
11:22:26 PM [vite] Pre-transform error: Transform failed with 1 error:
/home/workspace/src/components/Hero.jsx:133:30: ERROR: Expected "}" but found "]"
11:22:27 PM [vite] Internal server error: Transform failed with 1 error:
/home/workspace/src/components/Hero.jsx:133:30: ERROR: Expected "}" but found "]"
  Plugin: vite:esbuild
  File: /home/workspace/src/components/Hero.jsx:133:30
  
  Expected "}" but found "]"
  131|          {metrics.map((m, i) => (
  132|            <motion.div
  133|              key={`metric-${i}`]
     |                                ^
  134|              animate={{ opacity: 1, y: [6, -6, 6] }}
  135|              transition={{ duration: 3 + i * 0.2, repeat: Infinity, ease: 'easeInOut' }}
  
      at failureErrorWithLog (/home/workspace/node_modules/esbuild/lib/main.js:1472:15)
      at /home/workspace/node_modules/esbuild/lib/main.js:755:50
      at responseCallbacks.<computed> (/home/workspace/node_modules/esbuild/lib/main.js:622:9)
      at handleIncomingPacket (/home/workspace/node_modules/esbuild/lib/main.js:677:12)
      at Socket.readFromStdout (/home/workspace/node_modules/esbuild/lib/main.js:600:7)
      at Socket.emit (node:events:508:28)
      at addChunk (node:internal/streams/readable:559:12)
      at readableAddChunkPushByteMode (node:internal/streams/readable:510:3)
      at Readable.push (node:internal/streams/readable:390:5)
      at Pipe.onStreamRead (node:internal/stream_base_commons:189:23)
11:22:32 PM [vite] Internal server error: Transform failed with 1 error:
/home/workspace/src/components/Hero.jsx:133:30: ERROR: Expected "}" but found "]"
  Plugin: vite:esbuild
  File: /home/workspace/src/components/Hero.jsx:133:30
  
  Expected "}" but found "]"
  131|          {metrics.map((m, i) => (
  132|            <motion.div
  133|              key={`metric-${i}`]
     |                                ^
  134|              animate={{ opacity: 1, y: [6, -6, 6] }}
  135|              transition={{ duration: 3 + i * 0.2, repeat: Infinity, ease: 'easeInOut' }}
  
      at failureErrorWithLog (/home/workspace/node_modules/esbuild/lib/main.js:1472:15)
      at /home/workspace/node_modules/esbuild/lib/main.js:755:50
      at responseCallbacks.<computed> (/home/workspace/node_modules/esbuild/lib/main.js:622:9)
      at handleIncomingPacket (/home/workspace/node_modules/esbuild/lib/main.js:677:12)
      at Socket.readFromStdout (/home/workspace/node_modules/esbuild/lib/main.js:600:7)
      at Socket.emit (node:events:508:28)
      at addChunk (node:internal/streams/readable:559:12)
      at readableAddChunkPushByteMode (node:internal/streams/readable:510:3)
      at Readable.push (node:internal/streams/readable:390:5)
      at Pipe.onStreamRead (node:internal/stream_base_commons:189:23)
